<?xml version="1.0" encoding="UTF-8"?>
<!-- Generated by org.testng.reporters.JUnitXMLReporter -->
<testsuite hostname="TYSS-4F-Wacom02" ignored="0" name="Test" tests="3" failures="0" timestamp="03 Aug 2018 05:28:16 GMT" time="70.447" errors="0">
  <testcase name="testcase1" time="9.73" classname="scripts.Validlogin"/>
  <testcase name="testcase2" time="8.296" classname="scripts.Selectthedressfromwhislist"/>
  <testcase name="testcase3" time="3.498" classname="scripts.Invalidlogin"/>
</testsuite> <!-- Test -->
